This is pdfTeX, Version 3.141592653-2.6-1.40.26 (TeX Live 2024/Arch Linux) (preloaded format=pdflatex 2024.5.30)  1 JUL 2024 18:39
entering extended mode
 restricted \write18 enabled.
 %&-line parsing enabled.
**main.tex
(./main.tex
LaTeX2e <2023-11-01> patch level 1
L3 programming layer <2024-02-20>
(/usr/share/texmf-dist/tex/latex/koma-script/scrartcl.cls
Document Class: scrartcl 2023/07/07 v3.41 KOMA-Script document class (article)
(/usr/share/texmf-dist/tex/latex/koma-script/scrkbase.sty
Package: scrkbase 2023/07/07 v3.41 KOMA-Script package (KOMA-Script-dependent b
asics and keyval usage)

(/usr/share/texmf-dist/tex/latex/koma-script/scrbase.sty
Package: scrbase 2023/07/07 v3.41 KOMA-Script package (KOMA-Script-independent 
basics and keyval usage)

(/usr/share/texmf-dist/tex/latex/koma-script/scrlfile.sty
Package: scrlfile 2023/07/07 v3.41 KOMA-Script package (file load hooks)

(/usr/share/texmf-dist/tex/latex/koma-script/scrlfile-hook.sty
Package: scrlfile-hook 2023/07/07 v3.41 KOMA-Script package (using LaTeX hooks)


(/usr/share/texmf-dist/tex/latex/koma-script/scrlogo.sty
Package: scrlogo 2023/07/07 v3.41 KOMA-Script package (logo)
)))
(/usr/share/texmf-dist/tex/latex/graphics/keyval.sty
Package: keyval 2022/05/29 v1.15 key=value parser (DPC)
\KV@toks@=\toks17
)
Applying: [2021/05/01] Usage of raw or classic option list on input line 252.
Already applied: [0000/00/00] Usage of raw or classic option list on input line
 368.
))
(/usr/share/texmf-dist/tex/latex/koma-script/tocbasic.sty
Package: tocbasic 2023/07/07 v3.41 KOMA-Script package (handling toc-files)
\scr@dte@tocline@numberwidth=\skip48
\scr@dte@tocline@numbox=\box51
)
Package tocbasic Info: omitting babel extension for `toc'
(tocbasic)             because of feature `nobabel' available
(tocbasic)             for `toc' on input line 133.
Package scrartcl Info: You've used standard option `12pt'.
(scrartcl)             This is correct!
(scrartcl)             Internally I'm using `fontsize=12pt'.
(scrartcl)             If you'd like to set the option with \KOMAoptions,
(scrartcl)             you'd have to use `fontsize=12pt' there
(scrartcl)             instead of `12pt', too.
Class scrartcl Info: File `scrsize12pt.clo' used to setup font sizes on input l
ine 2441.

(/usr/share/texmf-dist/tex/latex/koma-script/scrsize12pt.clo
File: scrsize12pt.clo 2023/07/07 v3.41 KOMA-Script font size class option (12pt
)
)
(/usr/share/texmf-dist/tex/latex/koma-script/typearea.sty
Package: typearea 2023/07/07 v3.41 KOMA-Script package (type area)
\ta@bcor=\skip49
\ta@div=\count188
Package typearea Info: You've used standard option `a4paper'.
(typearea)             This is correct!
(typearea)             Internally I'm using `paper=a4'.
(typearea)             If you'd like to set the option with \KOMAoptions,
(typearea)             you'd have to use `paper=a4' there
(typearea)             instead of `a4paper', too.
Package typearea Info: You've used standard option `pdftex'.
(typearea)             This is correct!
(typearea)             Internally I'm using `pagesize=pdftex'.
(typearea)             If you'd like to set the option with \KOMAoptions,
(typearea)             you'd have to use `pagesize=pdftex' there
(typearea)             instead of `pdftex', too.
\ta@hblk=\skip50
\ta@vblk=\skip51
\ta@temp=\skip52
\footheight=\skip53
Package typearea Info: These are the values describing the layout:
(typearea)             DIV  = 12
(typearea)             BCOR = 0.0pt
(typearea)             \paperwidth      = 597.50793pt
(typearea)              \textwidth      = 448.13095pt
(typearea)              DIV departure   = -6%
(typearea)              \evensidemargin = 2.4185pt
(typearea)              \oddsidemargin  = 2.4185pt
(typearea)             \paperheight     = 845.04694pt
(typearea)              \textheight     = 635.5pt
(typearea)              \topmargin      = -41.72441pt
(typearea)              \headheight     = 18.125pt
(typearea)              \headsep        = 21.75pt
(typearea)              \topskip        = 12.0pt
(typearea)              \footskip       = 50.75pt
(typearea)              \baselineskip   = 14.5pt
(typearea)              on input line 1799.
)
\c@part=\count189
\c@section=\count190
\c@subsection=\count191
\c@subsubsection=\count192
\c@paragraph=\count193
\c@subparagraph=\count194
\scr@dte@section@maxnumwidth=\skip54
Class scrartcl Info: using compatibility default `runin=bysign'
(scrartcl)           for `\section on input line 5082.
Class scrartcl Info: using compatibility default `afterindent=bysign'
(scrartcl)           for `\section on input line 5082.
\scr@dte@part@maxnumwidth=\skip55
Class scrartcl Info: using compatibility default `afterindent=false'
(scrartcl)           for `\part on input line 5090.
\scr@dte@subsection@maxnumwidth=\skip56
Class scrartcl Info: using compatibility default `runin=bysign'
(scrartcl)           for `\subsection on input line 5100.
Class scrartcl Info: using compatibility default `afterindent=bysign'
(scrartcl)           for `\subsection on input line 5100.
\scr@dte@subsubsection@maxnumwidth=\skip57
Class scrartcl Info: using compatibility default `runin=bysign'
(scrartcl)           for `\subsubsection on input line 5110.
Class scrartcl Info: using compatibility default `afterindent=bysign'
(scrartcl)           for `\subsubsection on input line 5110.
\scr@dte@paragraph@maxnumwidth=\skip58
Class scrartcl Info: using compatibility default `runin=bysign'
(scrartcl)           for `\paragraph on input line 5121.
Class scrartcl Info: using compatibility default `afterindent=bysign'
(scrartcl)           for `\paragraph on input line 5121.
\scr@dte@subparagraph@maxnumwidth=\skip59
Class scrartcl Info: using compatibility default `runin=bysign'
(scrartcl)           for `\subparagraph on input line 5131.
Class scrartcl Info: using compatibility default `afterindent=bysign'
(scrartcl)           for `\subparagraph on input line 5131.
\abovecaptionskip=\skip60
\belowcaptionskip=\skip61
\c@pti@nb@sid@b@x=\box52
Package tocbasic Info: omitting babel extension for `lof'
(tocbasic)             because of feature `nobabel' available
(tocbasic)             for `lof' on input line 6309.
\scr@dte@figure@maxnumwidth=\skip62
\c@figure=\count195
Package tocbasic Info: omitting babel extension for `lot'
(tocbasic)             because of feature `nobabel' available
(tocbasic)             for `lot' on input line 6325.
\scr@dte@table@maxnumwidth=\skip63
\c@table=\count196
Class scrartcl Info: Redefining `\numberline' on input line 6495.
\bibindent=\dimen140
)
(/usr/share/texmf-dist/tex/latex/graphics/graphicx.sty
Package: graphicx 2021/09/16 v1.2d Enhanced LaTeX Graphics (DPC,SPQR)

(/usr/share/texmf-dist/tex/latex/graphics/graphics.sty
Package: graphics 2022/03/10 v1.4e Standard LaTeX Graphics (DPC,SPQR)

(/usr/share/texmf-dist/tex/latex/graphics/trig.sty
Package: trig 2021/08/11 v1.11 sin cos tan (DPC)
)
(/usr/share/texmf-dist/tex/latex/graphics-cfg/graphics.cfg
File: graphics.cfg 2016/06/04 v1.11 sample graphics configuration
)
Package graphics Info: Driver file: pdftex.def on input line 107.

(/usr/share/texmf-dist/tex/latex/graphics-def/pdftex.def
File: pdftex.def 2022/09/22 v1.2b Graphics/color driver for pdftex
))
\Gin@req@height=\dimen141
\Gin@req@width=\dimen142
)
(/usr/share/texmf-dist/tex/latex/base/fontenc.sty
Package: fontenc 2021/04/29 v2.0v Standard LaTeX package
)
(/usr/share/texmf-dist/tex/generic/babel/babel.sty
Package: babel 2024/02/07 v24.2 The Babel package
\babel@savecnt=\count197
\U@D=\dimen143
\l@unhyphenated=\language10

(/usr/share/texmf-dist/tex/generic/babel/txtbabel.def)
\bbl@readstream=\read2
\bbl@dirlevel=\count198

(/usr/share/texmf-dist/tex/generic/babel-german/ngerman.ldf
Language: ngerman 2024/01/19 v2.14 German support for babel (post-1996 orthogra
phy)

(/usr/share/texmf-dist/tex/generic/babel-german/ngermanb.ldf
Language: ngermanb 2024/01/19 v2.14 German support for babel (post-1996 orthogr
aphy)
Package babel Info: Making " an active character on input line 122.
)))
(/usr/share/texmf-dist/tex/generic/babel/locale/de/babel-ngerman.tex
Package babel Info: Importing font and identification data for ngerman
(babel)             from babel-de.ini. Reported on input line 11.
)
(/usr/share/texmf-dist/tex/latex/hyperref/hyperref.sty
Package: hyperref 2024-01-20 v7.01h Hypertext links for LaTeX

(/usr/share/texmf-dist/tex/generic/iftex/iftex.sty
Package: iftex 2022/02/03 v1.0f TeX engine tests
)
(/usr/share/texmf-dist/tex/latex/kvsetkeys/kvsetkeys.sty
Package: kvsetkeys 2022-10-05 v1.19 Key value parser (HO)
)
(/usr/share/texmf-dist/tex/generic/kvdefinekeys/kvdefinekeys.sty
Package: kvdefinekeys 2019-12-19 v1.6 Define keys (HO)
)
(/usr/share/texmf-dist/tex/generic/pdfescape/pdfescape.sty
Package: pdfescape 2019/12/09 v1.15 Implements pdfTeX's escape features (HO)

(/usr/share/texmf-dist/tex/generic/ltxcmds/ltxcmds.sty
Package: ltxcmds 2023-12-04 v1.26 LaTeX kernel commands for general use (HO)
)
(/usr/share/texmf-dist/tex/generic/pdftexcmds/pdftexcmds.sty
Package: pdftexcmds 2020-06-27 v0.33 Utility functions of pdfTeX for LuaTeX (HO
)

(/usr/share/texmf-dist/tex/generic/infwarerr/infwarerr.sty
Package: infwarerr 2019/12/03 v1.5 Providing info/warning/error messages (HO)
)
Package pdftexcmds Info: \pdf@primitive is available.
Package pdftexcmds Info: \pdf@ifprimitive is available.
Package pdftexcmds Info: \pdfdraftmode found.
))
(/usr/share/texmf-dist/tex/latex/hycolor/hycolor.sty
Package: hycolor 2020-01-27 v1.10 Color options for hyperref/bookmark (HO)
)
(/usr/share/texmf-dist/tex/latex/auxhook/auxhook.sty
Package: auxhook 2019-12-17 v1.6 Hooks for auxiliary files (HO)
)
(/usr/share/texmf-dist/tex/latex/hyperref/nameref.sty
Package: nameref 2023-11-26 v2.56 Cross-referencing by name of section

(/usr/share/texmf-dist/tex/latex/refcount/refcount.sty
Package: refcount 2019/12/15 v3.6 Data extraction from label references (HO)
)
(/usr/share/texmf-dist/tex/generic/gettitlestring/gettitlestring.sty
Package: gettitlestring 2019/12/15 v1.6 Cleanup title references (HO)

(/usr/share/texmf-dist/tex/latex/kvoptions/kvoptions.sty
Package: kvoptions 2022-06-15 v3.15 Key value format for package options (HO)
))
\c@section@level=\count199
)
(/usr/share/texmf-dist/tex/latex/etoolbox/etoolbox.sty
Package: etoolbox 2020/10/05 v2.5k e-TeX tools for LaTeX (JAW)
\etb@tempcnta=\count266
)
\@linkdim=\dimen144
\Hy@linkcounter=\count267
\Hy@pagecounter=\count268

(/usr/share/texmf-dist/tex/latex/hyperref/pd1enc.def
File: pd1enc.def 2024-01-20 v7.01h Hyperref: PDFDocEncoding definition (HO)
Now handling font encoding PD1 ...
... no UTF-8 mapping file for font encoding PD1
)
(/usr/share/texmf-dist/tex/generic/intcalc/intcalc.sty
Package: intcalc 2019/12/15 v1.3 Expandable calculations with integers (HO)
)
\Hy@SavedSpaceFactor=\count269

(/usr/share/texmf-dist/tex/latex/hyperref/puenc.def
File: puenc.def 2024-01-20 v7.01h Hyperref: PDF Unicode definition (HO)
Now handling font encoding PU ...
... no UTF-8 mapping file for font encoding PU
)
Package hyperref Info: Option `unicode' set `true' on input line 4062.
Package hyperref Info: Hyper figures OFF on input line 4179.
Package hyperref Info: Link nesting OFF on input line 4184.
Package hyperref Info: Hyper index ON on input line 4187.
Package hyperref Info: Plain pages OFF on input line 4194.
Package hyperref Info: Backreferencing OFF on input line 4199.
Package hyperref Info: Implicit mode ON; LaTeX internals redefined.
Package hyperref Info: Bookmarks ON on input line 4446.
\c@Hy@tempcnt=\count270

(/usr/share/texmf-dist/tex/latex/url/url.sty
\Urlmuskip=\muskip16
Package: url 2013/09/16  ver 3.4  Verb mode for urls, etc.
)
LaTeX Info: Redefining \url on input line 4784.
\XeTeXLinkMargin=\dimen145

(/usr/share/texmf-dist/tex/generic/bitset/bitset.sty
Package: bitset 2019/12/09 v1.3 Handle bit-vector datatype (HO)

(/usr/share/texmf-dist/tex/generic/bigintcalc/bigintcalc.sty
Package: bigintcalc 2019/12/15 v1.5 Expandable calculations on big integers (HO
)
))
\Fld@menulength=\count271
\Field@Width=\dimen146
\Fld@charsize=\dimen147
Package hyperref Info: Hyper figures OFF on input line 6063.
Package hyperref Info: Link nesting OFF on input line 6068.
Package hyperref Info: Hyper index ON on input line 6071.
Package hyperref Info: backreferencing OFF on input line 6078.
Package hyperref Info: Link coloring OFF on input line 6083.
Package hyperref Info: Link coloring with OCG OFF on input line 6088.
Package hyperref Info: PDF/A mode OFF on input line 6093.

(/usr/share/texmf-dist/tex/latex/base/atbegshi-ltx.sty
Package: atbegshi-ltx 2021/01/10 v1.0c Emulation of the original atbegshi
package with kernel methods
)
\Hy@abspage=\count272
\c@Item=\count273
\c@Hfootnote=\count274
)
Package hyperref Info: Driver: hpdftex.

(/usr/share/texmf-dist/tex/latex/hyperref/hpdftex.def
File: hpdftex.def 2024-01-20 v7.01h Hyperref driver for pdfTeX

(/usr/share/texmf-dist/tex/latex/base/atveryend-ltx.sty
Package: atveryend-ltx 2020/08/19 v1.0a Emulation of the original atveryend pac
kage
with kernel methods
)
\Fld@listcount=\count275
\c@bookmark@seq@number=\count276

(/usr/share/texmf-dist/tex/latex/rerunfilecheck/rerunfilecheck.sty
Package: rerunfilecheck 2022-07-10 v1.10 Rerun checks for auxiliary files (HO)

(/usr/share/texmf-dist/tex/generic/uniquecounter/uniquecounter.sty
Package: uniquecounter 2019/12/15 v1.4 Provide unlimited unique counter (HO)
)
Package uniquecounter Info: New unique counter `rerunfilecheck' on input line 2
85.
)
\Hy@SectionHShift=\skip64
)
(/usr/share/texmf-dist/tex/latex/microtype/microtype.sty
Package: microtype 2023/03/13 v3.1a Micro-typographical refinements (RS)
\MT@toks=\toks18
\MT@tempbox=\box53
\MT@count=\count277
LaTeX Info: Redefining \noprotrusionifhmode on input line 1059.
LaTeX Info: Redefining \leftprotrusion on input line 1060.
\MT@prot@toks=\toks19
LaTeX Info: Redefining \rightprotrusion on input line 1078.
LaTeX Info: Redefining \textls on input line 1368.
\MT@outer@kern=\dimen148
LaTeX Info: Redefining \textmicrotypecontext on input line 1988.
\MT@listname@count=\count278

(/usr/share/texmf-dist/tex/latex/microtype/microtype-pdftex.def
File: microtype-pdftex.def 2023/03/13 v3.1a Definitions specific to pdftex (RS)

LaTeX Info: Redefining \lsstyle on input line 902.
LaTeX Info: Redefining \lslig on input line 902.
\MT@outer@space=\skip65
)
Package microtype Info: Loading configuration file microtype.cfg.

(/usr/share/texmf-dist/tex/latex/microtype/microtype.cfg
File: microtype.cfg 2023/03/13 v3.1a microtype main configuration file (RS)
))
(/usr/share/texmf-dist/tex/latex/tools/enumerate.sty
Package: enumerate 2023/07/04 v3.00 enumerate extensions (DPC)
\@enLab=\toks20
)

Class scrartcl Warning: Usage of package `fancyhdr' together
(scrartcl)              with a KOMA-Script class is not recommended.
(scrartcl)              I'd suggest to use 
(scrartcl)              package `scrlayer' or `scrlayer-scrpage', because
(scrartcl)              they support KOMA-Script classes.
(scrartcl)              With `fancyhdr' several features of class `scrartcl'
(scrartcl)              like options `headsepline', `footsepline' or command
(scrartcl)              `\MakeMarkcase' and the commands `\setkomafont' and
(scrartcl)              `\addtokomafont' for the page style elements need
(scrartcl)              explicite user intervention to work.
(scrartcl)              Nevertheless, using requested
(scrartcl)              package `fancyhdr' on input line 14.

(/usr/share/texmf-dist/tex/latex/fancyhdr/fancyhdr.sty
Package: fancyhdr 2022/11/09 v4.1 Extensive control of page headers and footers

\f@nch@headwidth=\skip66
\f@nch@O@elh=\skip67
\f@nch@O@erh=\skip68
\f@nch@O@olh=\skip69
\f@nch@O@orh=\skip70
\f@nch@O@elf=\skip71
\f@nch@O@erf=\skip72
\f@nch@O@olf=\skip73
\f@nch@O@orf=\skip74
)
(/usr/share/texmf-dist/tex/latex/listings/listings.sty
\lst@mode=\count279
\lst@gtempboxa=\box54
\lst@token=\toks21
\lst@length=\count280
\lst@currlwidth=\dimen149
\lst@column=\count281
\lst@pos=\count282
\lst@lostspace=\dimen150
\lst@width=\dimen151
\lst@newlines=\count283
\lst@lineno=\count284
\lst@maxwidth=\dimen152

(/usr/share/texmf-dist/tex/latex/listings/lstpatch.sty
File: lstpatch.sty 2024/02/21 1.10 (Carsten Heinz)
)
(/usr/share/texmf-dist/tex/latex/listings/lstmisc.sty
File: lstmisc.sty 2024/02/21 1.10 (Carsten Heinz)
\c@lstnumber=\count285
\lst@skipnumbers=\count286
\lst@framebox=\box55
)
(/usr/share/texmf-dist/tex/latex/listings/listings.cfg
File: listings.cfg 2024/02/21 1.10 listings configuration
))
Package: listings 2024/02/21 1.10 (Carsten Heinz)

(/usr/share/texmf-dist/tex/latex/float/float.sty
Package: float 2001/11/08 v1.3d Float enhancements (AL)
\c@float@type=\count287
\float@exts=\toks22
\float@box=\box56
\@float@everytoks=\toks23
\@floatcapt=\box57
)
(/usr/share/texmf-dist/tex/latex/placeins/placeins.sty
Package: placeins 2005/04/18  v 2.2
)
(/usr/share/texmf-dist/tex/latex/l3backend/l3backend-pdftex.def
File: l3backend-pdftex.def 2024-02-20 L3 backend support: PDF output (pdfTeX)
\l__color_backend_stack_int=\count288
\l__pdf_internal_box=\box58
) (./main.aux)
\openout1 = `main.aux'.

LaTeX Font Info:    Checking defaults for OML/cmm/m/it on input line 28.
LaTeX Font Info:    ... okay on input line 28.
LaTeX Font Info:    Checking defaults for OMS/cmsy/m/n on input line 28.
LaTeX Font Info:    ... okay on input line 28.
LaTeX Font Info:    Checking defaults for OT1/cmr/m/n on input line 28.
LaTeX Font Info:    ... okay on input line 28.
LaTeX Font Info:    Checking defaults for T1/cmr/m/n on input line 28.
LaTeX Font Info:    ... okay on input line 28.
LaTeX Font Info:    Checking defaults for TS1/cmr/m/n on input line 28.
LaTeX Font Info:    ... okay on input line 28.
LaTeX Font Info:    Checking defaults for OMX/cmex/m/n on input line 28.
LaTeX Font Info:    ... okay on input line 28.
LaTeX Font Info:    Checking defaults for U/cmr/m/n on input line 28.
LaTeX Font Info:    ... okay on input line 28.
LaTeX Font Info:    Checking defaults for PD1/pdf/m/n on input line 28.
LaTeX Font Info:    ... okay on input line 28.
LaTeX Font Info:    Checking defaults for PU/pdf/m/n on input line 28.
LaTeX Font Info:    ... okay on input line 28.

(/usr/share/texmf-dist/tex/context/base/mkii/supp-pdf.mkii
[Loading MPS to PDF converter (version 2006.09.02).]
\scratchcounter=\count289
\scratchdimen=\dimen153
\scratchbox=\box59
\nofMPsegments=\count290
\nofMParguments=\count291
\everyMPshowfont=\toks24
\MPscratchCnt=\count292
\MPscratchDim=\dimen154
\MPnumerator=\count293
\makeMPintoPDFobject=\count294
\everyMPtoPDFconversion=\toks25
) (/usr/share/texmf-dist/tex/latex/epstopdf-pkg/epstopdf-base.sty
Package: epstopdf-base 2020-01-24 v2.11 Base part for package epstopdf
Package epstopdf-base Info: Redefining graphics rule for `.eps' on input line 4
85.

(/usr/share/texmf-dist/tex/latex/latexconfig/epstopdf-sys.cfg
File: epstopdf-sys.cfg 2010/07/13 v1.3 Configuration of (r)epstopdf for TeX Liv
e
))
Package hyperref Info: Link coloring OFF on input line 28.
 (./main.out)
(./main.out)
\@outlinefile=\write3
\openout3 = `main.out'.

Class scrartcl Info: loading recommended package `bookmark'.
(scrartcl)           Using `bookmark' together with `hyperref' is recommended,
(scrartcl)           because of handling of possible bookmark level gaps.
(scrartcl)           You can avoid loading `bookmark' with KOMA-Script option
(scrartcl)           `bookmarkpackage=false' before \begin{document} and
(scrartcl)           you can avoid this message adding:
(scrartcl)             \usepackage{bookmark}
(scrartcl)           before \begin{document} on input line 28.
 (/usr/share/texmf-dist/tex/latex/bookmark/bookmark.sty
Package: bookmark 2023-12-10 v1.31 PDF bookmarks (HO)

(/usr/share/texmf-dist/tex/latex/bookmark/bkm-pdftex.def
File: bkm-pdftex.def 2023-12-10 v1.31 bookmark driver for pdfTeX and luaTeX (HO
)
\BKM@id=\count295
))
LaTeX Info: Redefining \microtypecontext on input line 28.
Package microtype Info: Applying patch `item' on input line 28.
Package microtype Info: Applying patch `toc' on input line 28.
Package microtype Info: Applying patch `eqnum' on input line 28.
Package microtype Info: Applying patch `footnote' on input line 28.
Package microtype Info: Applying patch `verbatim' on input line 28.
Package microtype Info: Generating PDF output.
Package microtype Info: Character protrusion enabled (level 2).
Package microtype Info: Using default protrusion set `alltext'.
Package microtype Info: Automatic font expansion enabled (level 2),
(microtype)             stretch: 20, shrink: 20, step: 1, non-selected.
Package microtype Info: Using default expansion set `alltext-nott'.
LaTeX Info: Redefining \showhyphens on input line 28.
Package microtype Info: Tracking enabled.
Package microtype Info: Using default tracking set `smallcaps'.
Package microtype Info: Adjustment of interword spacing enabled.
Package microtype Info: Using default spacing set `alltext-nott'.
Package microtype Info: Adjustment of character kerning enabled.
Package microtype Info: Using default kerning set `alltext'.
Package microtype Info: Redefining babel's language switching commands.

(/usr/share/texmf-dist/tex/latex/microtype/mt-cmr.cfg
File: mt-cmr.cfg 2013/05/19 v2.2 microtype config. file: Computer Modern Roman 
(RS)
)
\c@lstlisting=\count296
Package tocbasic Info: setting babel extension for `lol' on input line 28.
\scr@dte@lstlisting@maxnumwidth=\skip75
<./images/S04_HTW_Berlin_Logo_pos_FARBIG_RGB.jpg, id=4, 114.9093pt x 68.4156pt>

File: ./images/S04_HTW_Berlin_Logo_pos_FARBIG_RGB.jpg Graphic file (type jpg)
<use ./images/S04_HTW_Berlin_Logo_pos_FARBIG_RGB.jpg>
Package pdftex.def Info: ./images/S04_HTW_Berlin_Logo_pos_FARBIG_RGB.jpg  used 
on input line 32.
(pdftex.def)             Requested size: 119.47304pt x 71.13188pt.
 [1

{/var/lib/texmf/fonts/map/pdftex/updmap/pdftex.map}{/usr/share/texmf-dist/fonts
/enc/dvips/cm-super/cm-super-t1.enc} <./images/S04_HTW_Berlin_Logo_pos_FARBIG_R
GB.jpg>]
LaTeX Font Info:    Trying to load font information for T1+cmss on input line 5
1.

(/usr/share/texmf-dist/tex/latex/base/t1cmss.fd
File: t1cmss.fd 2023/04/13 v2.5m Standard LaTeX font definitions
)
Package microtype Info: Loading generic protrusion settings for font family
(microtype)             `cmss' (encoding: T1).
(microtype)             For optimal results, create family-specific settings.
(microtype)             See the microtype manual for details.
Package tocbasic Info: character protrusion at toc deactivated on input line 51
.
 (./main.toc
LaTeX Font Info:    External font `cmex10' loaded for size
(Font)              <12> on input line 3.
LaTeX Font Info:    External font `cmex10' loaded for size
(Font)              <8> on input line 3.
LaTeX Font Info:    External font `cmex10' loaded for size
(Font)              <6> on input line 3.
)
\tf@toc=\write4
\openout4 = `main.toc'.

 [1]
LaTeX Font Info:    Trying to load font information for T1+cmtt on input line 6
1.

(/usr/share/texmf-dist/tex/latex/base/t1cmtt.fd
File: t1cmtt.fd 2023/04/13 v2.5m Standard LaTeX font definitions
)
Package microtype Info: Loading generic protrusion settings for font family
(microtype)             `cmtt' (encoding: T1).
(microtype)             For optimal results, create family-specific settings.
(microtype)             See the microtype manual for details.

Overfull \hbox (2.3722pt too wide) in paragraph at lines 61--62
\T1/cmtt/m/n/12 c-[]jaenicke / itsec-[]misc$[] \T1/cmr/m/n/12 (-20) und []$\T1/
cmtt/m/n/12 https : / / github . com / parhamrahmani / Implementation _
 []

File: ./images/S04_HTW_Berlin_Logo_pos_FARBIG_RGB.jpg Graphic file (type jpg)
<use ./images/S04_HTW_Berlin_Logo_pos_FARBIG_RGB.jpg>
Package pdftex.def Info: ./images/S04_HTW_Berlin_Logo_pos_FARBIG_RGB.jpg  used 
on input line 63.
(pdftex.def)             Requested size: 47.78816pt x 28.45274pt.

Package fancyhdr Warning: \headheight is too small (18.125pt): 
(fancyhdr)                Make it at least 32.80278pt, for example:
(fancyhdr)                \setlength{\headheight}{32.80278pt}.
(fancyhdr)                You might also make \topmargin smaller to compensate:

(fancyhdr)                \addtolength{\topmargin}{-14.67778pt}.


pdfTeX warning (ext4): destination with the same identifier (name{page.1}) has 
been already used, duplicate ignored
<to be read again> 
                   \relax 
l.63 \newpage
              [1]
<./images/aufbau-netzwerk.png, id=86, 424.58624pt x 255.95625pt>
File: ./images/aufbau-netzwerk.png Graphic file (type png)
<use ./images/aufbau-netzwerk.png>
Package pdftex.def Info: ./images/aufbau-netzwerk.png  used on input line 71.
(pdftex.def)             Requested size: 284.52756pt x 171.53275pt.

Underfull \hbox (badness 10000) in paragraph at lines 68--81

 []


Underfull \hbox (badness 10000) in paragraph at lines 68--81

 []


Underfull \hbox (badness 10000) in paragraph at lines 68--81

 []


Underfull \hbox (badness 10000) in paragraph at lines 68--81

 []


Underfull \hbox (badness 10000) in paragraph at lines 68--81

 []


Underfull \hbox (badness 10000) in paragraph at lines 68--81

 []

<./images/informationsfluss.png, id=88, 481.8pt x 383.4325pt>
File: ./images/informationsfluss.png Graphic file (type png)
<use ./images/informationsfluss.png>
Package pdftex.def Info: ./images/informationsfluss.png  used on input line 86.

(pdftex.def)             Requested size: 284.52756pt x 226.43968pt.

Underfull \hbox (badness 10000) in paragraph at lines 83--95

 []

File: ./images/S04_HTW_Berlin_Logo_pos_FARBIG_RGB.jpg Graphic file (type jpg)
<use ./images/S04_HTW_Berlin_Logo_pos_FARBIG_RGB.jpg>
Package pdftex.def Info: ./images/S04_HTW_Berlin_Logo_pos_FARBIG_RGB.jpg  used 
on input line 95.
(pdftex.def)             Requested size: 47.78816pt x 28.45274pt.

Package fancyhdr Warning: \headheight is too small (18.125pt): 
(fancyhdr)                Make it at least 32.80278pt, for example:
(fancyhdr)                \setlength{\headheight}{32.80278pt}.
(fancyhdr)                You might also make \topmargin smaller to compensate:

(fancyhdr)                \addtolength{\topmargin}{-14.67778pt}.

[2
pdfTeX warning (ext4): destination with the same identifier (name{figure.1}) ha
s been already used, duplicate ignored
<argument> ...shipout:D \box_use:N \l_shipout_box 
                                                  \__shipout_drop_firstpage_...
l.95 
      <./images/aufbau-netzwerk.png>]
File: ./images/S04_HTW_Berlin_Logo_pos_FARBIG_RGB.jpg Graphic file (type jpg)
<use ./images/S04_HTW_Berlin_Logo_pos_FARBIG_RGB.jpg>
Package pdftex.def Info: ./images/S04_HTW_Berlin_Logo_pos_FARBIG_RGB.jpg  used 
on input line 96.
(pdftex.def)             Requested size: 47.78816pt x 28.45274pt.


Package fancyhdr Warning: \headheight is too small (18.125pt): 
(fancyhdr)                Make it at least 32.80278pt, for example:
(fancyhdr)                \setlength{\headheight}{32.80278pt}.
(fancyhdr)                You might also make \topmargin smaller to compensate:

(fancyhdr)                \addtolength{\topmargin}{-14.67778pt}.

[3
pdfTeX warning (ext4): destination with the same identifier (name{figure.2}) ha
s been already used, duplicate ignored
<argument> ...shipout:D \box_use:N \l_shipout_box 
                                                  \__shipout_drop_firstpage_...
l.96 \newpage
              <./images/informationsfluss.png>]
Underfull \hbox (badness 10000) in paragraph at lines 101--126

 []


Underfull \hbox (badness 10000) in paragraph at lines 101--126

 []

<./images/interface-firewall.png, id=104, 441.65pt x 135.50626pt>
File: ./images/interface-firewall.png Graphic file (type png)
<use ./images/interface-firewall.png>
Package pdftex.def Info: ./images/interface-firewall.png  used on input line 12
9.
(pdftex.def)             Requested size: 284.52756pt x 87.30263pt.
<./images/interface-webserver.png, id=108, 494.84875pt x 127.47626pt>
File: ./images/interface-webserver.png Graphic file (type png)
<use ./images/interface-webserver.png>
Package pdftex.def Info: ./images/interface-webserver.png  used on input line 1
63.
(pdftex.def)             Requested size: 284.52756pt x 73.29633pt.

Underfull \hbox (badness 10000) in paragraph at lines 135--167

 []


Underfull \hbox (badness 10000) in paragraph at lines 135--167

 []

File: ./images/S04_HTW_Berlin_Logo_pos_FARBIG_RGB.jpg Graphic file (type jpg)
<use ./images/S04_HTW_Berlin_Logo_pos_FARBIG_RGB.jpg>
Package pdftex.def Info: ./images/S04_HTW_Berlin_Logo_pos_FARBIG_RGB.jpg  used 
on input line 167.
(pdftex.def)             Requested size: 47.78816pt x 28.45274pt.

Package fancyhdr Warning: \headheight is too small (18.125pt): 
(fancyhdr)                Make it at least 32.80278pt, for example:
(fancyhdr)                \setlength{\headheight}{32.80278pt}.
(fancyhdr)                You might also make \topmargin smaller to compensate:

(fancyhdr)                \addtolength{\topmargin}{-14.67778pt}.

[4
pdfTeX warning (ext4): destination with the same identifier (name{table.1}) has
 been already used, duplicate ignored
<argument> ...shipout:D \box_use:N \l_shipout_box 
                                                  \__shipout_drop_firstpage_...
l.167 
      
pdfTeX warning (ext4): destination with the same identifier (name{figure.3}) ha
s been already used, duplicate ignored
<argument> ...shipout:D \box_use:N \l_shipout_box 
                                                  \__shipout_drop_firstpage_...
l.167 
       <./images/interface-firewall.png>]
Underfull \hbox (badness 10000) in paragraph at lines 169--172

 []


Underfull \hbox (badness 10000) in paragraph at lines 169--172

 []

File: ./images/S04_HTW_Berlin_Logo_pos_FARBIG_RGB.jpg Graphic file (type jpg)
<use ./images/S04_HTW_Berlin_Logo_pos_FARBIG_RGB.jpg>
Package pdftex.def Info: ./images/S04_HTW_Berlin_Logo_pos_FARBIG_RGB.jpg  used 
on input line 172.
(pdftex.def)             Requested size: 47.78816pt x 28.45274pt.

Package fancyhdr Warning: \headheight is too small (18.125pt): 
(fancyhdr)                Make it at least 32.80278pt, for example:
(fancyhdr)                \setlength{\headheight}{32.80278pt}.
(fancyhdr)                You might also make \topmargin smaller to compensate:

(fancyhdr)                \addtolength{\topmargin}{-14.67778pt}.

[5
pdfTeX warning (ext4): destination with the same identifier (name{table.2}) has
 been already used, duplicate ignored
<argument> ...shipout:D \box_use:N \l_shipout_box 
                                                  \__shipout_drop_firstpage_...
l.172 
      
pdfTeX warning (ext4): destination with the same identifier (name{figure.4}) ha
s been already used, duplicate ignored
<argument> ...shipout:D \box_use:N \l_shipout_box 
                                                  \__shipout_drop_firstpage_...
l.172 
       <./images/interface-webserver.png>] (./scripts/setup_nginx.sh)
Underfull \hbox (badness 10000) in paragraph at lines 176--179

 []

(./scripts/setup_db.sh)
File: ./images/S04_HTW_Berlin_Logo_pos_FARBIG_RGB.jpg Graphic file (type jpg)
<use ./images/S04_HTW_Berlin_Logo_pos_FARBIG_RGB.jpg>
Package pdftex.def Info: ./images/S04_HTW_Berlin_Logo_pos_FARBIG_RGB.jpg  used 
on input line 182.
(pdftex.def)             Requested size: 47.78816pt x 28.45274pt.


Package fancyhdr Warning: \headheight is too small (18.125pt): 
(fancyhdr)                Make it at least 32.80278pt, for example:
(fancyhdr)                \setlength{\headheight}{32.80278pt}.
(fancyhdr)                You might also make \topmargin smaller to compensate:

(fancyhdr)                \addtolength{\topmargin}{-14.67778pt}.

[6]
Underfull \hbox (badness 10000) in paragraph at lines 183--185

 []

File: ./images/S04_HTW_Berlin_Logo_pos_FARBIG_RGB.jpg Graphic file (type jpg)
<use ./images/S04_HTW_Berlin_Logo_pos_FARBIG_RGB.jpg>
Package pdftex.def Info: ./images/S04_HTW_Berlin_Logo_pos_FARBIG_RGB.jpg  used 
on input line 186.
(pdftex.def)             Requested size: 47.78816pt x 28.45274pt.

Package fancyhdr Warning: \headheight is too small (18.125pt): 
(fancyhdr)                Make it at least 32.80278pt, for example:
(fancyhdr)                \setlength{\headheight}{32.80278pt}.
(fancyhdr)                You might also make \topmargin smaller to compensate:

(fancyhdr)                \addtolength{\topmargin}{-14.67778pt}.

[7]
Underfull \hbox (badness 10000) in paragraph at lines 194--227

 []

File: ./images/S04_HTW_Berlin_Logo_pos_FARBIG_RGB.jpg Graphic file (type jpg)
<use ./images/S04_HTW_Berlin_Logo_pos_FARBIG_RGB.jpg>
Package pdftex.def Info: ./images/S04_HTW_Berlin_Logo_pos_FARBIG_RGB.jpg  used 
on input line 227.
(pdftex.def)             Requested size: 47.78816pt x 28.45274pt.

Package fancyhdr Warning: \headheight is too small (18.125pt): 
(fancyhdr)                Make it at least 32.80278pt, for example:
(fancyhdr)                \setlength{\headheight}{32.80278pt}.
(fancyhdr)                You might also make \topmargin smaller to compensate:

(fancyhdr)                \addtolength{\topmargin}{-14.67778pt}.

[8
pdfTeX warning (ext4): destination with the same identifier (name{table.3}) has
 been already used, duplicate ignored
<argument> ...shipout:D \box_use:N \l_shipout_box 
                                                  \__shipout_drop_firstpage_...
l.227 
      ]
Underfull \hbox (badness 10000) in paragraph at lines 229--232

 []


Underfull \hbox (badness 10000) in paragraph at lines 229--232

 []

(./scripts/all-ports-closed.sh) (./scripts/all-ports-open.sh)
(./scripts/ports-prod.sh
File: ./images/S04_HTW_Berlin_Logo_pos_FARBIG_RGB.jpg Graphic file (type jpg)
<use ./images/S04_HTW_Berlin_Logo_pos_FARBIG_RGB.jpg>
Package pdftex.def Info: ./images/S04_HTW_Berlin_Logo_pos_FARBIG_RGB.jpg  used 
on input line 8.
(pdftex.def)             Requested size: 47.78816pt x 28.45274pt.


Package fancyhdr Warning: \headheight is too small (18.125pt): 
(fancyhdr)                Make it at least 32.80278pt, for example:
(fancyhdr)                \setlength{\headheight}{32.80278pt}.
(fancyhdr)                You might also make \topmargin smaller to compensate:

(fancyhdr)                \addtolength{\topmargin}{-14.67778pt}.

[9]
File: ./images/S04_HTW_Berlin_Logo_pos_FARBIG_RGB.jpg Graphic file (type jpg)
<use ./images/S04_HTW_Berlin_Logo_pos_FARBIG_RGB.jpg>
Package pdftex.def Info: ./images/S04_HTW_Berlin_Logo_pos_FARBIG_RGB.jpg  used 
on input line 56.
(pdftex.def)             Requested size: 47.78816pt x 28.45274pt.


Package fancyhdr Warning: \headheight is too small (18.125pt): 
(fancyhdr)                Make it at least 32.80278pt, for example:
(fancyhdr)                \setlength{\headheight}{32.80278pt}.
(fancyhdr)                You might also make \topmargin smaller to compensate:

(fancyhdr)                \addtolength{\topmargin}{-14.67778pt}.

[10])
Underfull \hbox (badness 10000) in paragraph at lines 238--241

 []

File: ./images/S04_HTW_Berlin_Logo_pos_FARBIG_RGB.jpg Graphic file (type jpg)
<use ./images/S04_HTW_Berlin_Logo_pos_FARBIG_RGB.jpg>
Package pdftex.def Info: ./images/S04_HTW_Berlin_Logo_pos_FARBIG_RGB.jpg  used 
on input line 264.
(pdftex.def)             Requested size: 47.78816pt x 28.45274pt.

Package fancyhdr Warning: \headheight is too small (18.125pt): 
(fancyhdr)                Make it at least 32.80278pt, for example:
(fancyhdr)                \setlength{\headheight}{32.80278pt}.
(fancyhdr)                You might also make \topmargin smaller to compensate:

(fancyhdr)                \addtolength{\topmargin}{-14.67778pt}.

[11
pdfTeX warning (ext4): destination with the same identifier (name{table.4}) has
 been already used, duplicate ignored
<argument> ...shipout:D \box_use:N \l_shipout_box 
                                                  \__shipout_drop_firstpage_...
l.264 ...breaklines]{./scripts/ports-webserver.sh}
                                                  ]
(./scripts/ports-webserver.sh)
File: ./images/S04_HTW_Berlin_Logo_pos_FARBIG_RGB.jpg Graphic file (type jpg)
<use ./images/S04_HTW_Berlin_Logo_pos_FARBIG_RGB.jpg>
Package pdftex.def Info: ./images/S04_HTW_Berlin_Logo_pos_FARBIG_RGB.jpg  used 
on input line 270.
(pdftex.def)             Requested size: 47.78816pt x 28.45274pt.


Package fancyhdr Warning: \headheight is too small (18.125pt): 
(fancyhdr)                Make it at least 32.80278pt, for example:
(fancyhdr)                \setlength{\headheight}{32.80278pt}.
(fancyhdr)                You might also make \topmargin smaller to compensate:

(fancyhdr)                \addtolength{\topmargin}{-14.67778pt}.

[12]
Underfull \hbox (badness 10000) in paragraph at lines 272--275

 []


Underfull \hbox (badness 10000) in paragraph at lines 284--297

 []


Underfull \hbox (badness 10000) in paragraph at lines 284--297

 []


Underfull \hbox (badness 10000) in paragraph at lines 284--297

 []


Underfull \hbox (badness 10000) in paragraph at lines 284--297

 []

File: ./images/S04_HTW_Berlin_Logo_pos_FARBIG_RGB.jpg Graphic file (type jpg)
<use ./images/S04_HTW_Berlin_Logo_pos_FARBIG_RGB.jpg>
Package pdftex.def Info: ./images/S04_HTW_Berlin_Logo_pos_FARBIG_RGB.jpg  used 
on input line 298.
(pdftex.def)             Requested size: 47.78816pt x 28.45274pt.

Package fancyhdr Warning: \headheight is too small (18.125pt): 
(fancyhdr)                Make it at least 32.80278pt, for example:
(fancyhdr)                \setlength{\headheight}{32.80278pt}.
(fancyhdr)                You might also make \topmargin smaller to compensate:

(fancyhdr)                \addtolength{\topmargin}{-14.67778pt}.

[13]
<./images/nmap-scan-firewall.png, id=340, 775.89874pt x 452.69125pt>
File: ./images/nmap-scan-firewall.png Graphic file (type png)
<use ./images/nmap-scan-firewall.png>
Package pdftex.def Info: ./images/nmap-scan-firewall.png  used on input line 31
4.
(pdftex.def)             Requested size: 426.79134pt x 249.00858pt.
<./images/nmap-scan-webserver.png, id=341, 916.42375pt x 291.0875pt>
File: ./images/nmap-scan-webserver.png Graphic file (type png)
<use ./images/nmap-scan-webserver.png>
Package pdftex.def Info: ./images/nmap-scan-webserver.png  used on input line 3
20.
(pdftex.def)             Requested size: 426.79134pt x 135.56303pt.
<./images/suricata-detection-nmap-scan.png, id=342, 1332.98pt x 210.7875pt>
File: ./images/suricata-detection-nmap-scan.png Graphic file (type png)
<use ./images/suricata-detection-nmap-scan.png>
Package pdftex.def Info: ./images/suricata-detection-nmap-scan.png  used on inp
ut line 330.
(pdftex.def)             Requested size: 483.69684pt x 76.48811pt.

Overfull \hbox (35.56589pt too wide) in paragraph at lines 330--331
 [][] 
 []


Underfull \hbox (badness 10000) in paragraph at lines 311--334

 []


Underfull \hbox (badness 10000) in paragraph at lines 311--334

 []


Underfull \hbox (badness 10000) in paragraph at lines 311--334

 []

File: ./images/S04_HTW_Berlin_Logo_pos_FARBIG_RGB.jpg Graphic file (type jpg)
<use ./images/S04_HTW_Berlin_Logo_pos_FARBIG_RGB.jpg>
Package pdftex.def Info: ./images/S04_HTW_Berlin_Logo_pos_FARBIG_RGB.jpg  used 
on input line 334.
(pdftex.def)             Requested size: 47.78816pt x 28.45274pt.

Package fancyhdr Warning: \headheight is too small (18.125pt): 
(fancyhdr)                Make it at least 32.80278pt, for example:
(fancyhdr)                \setlength{\headheight}{32.80278pt}.
(fancyhdr)                You might also make \topmargin smaller to compensate:

(fancyhdr)                \addtolength{\topmargin}{-14.67778pt}.

[14
pdfTeX warning (ext4): destination with the same identifier (name{figure.5}) ha
s been already used, duplicate ignored
<argument> ...shipout:D \box_use:N \l_shipout_box 
                                                  \__shipout_drop_firstpage_...
l.334 
       <./images/nmap-scan-firewall.png>]
<./images/sql-login-error-message.png, id=353, 676.02562pt x 166.37157pt>
File: ./images/sql-login-error-message.png Graphic file (type png)
<use ./images/sql-login-error-message.png>
Package pdftex.def Info: ./images/sql-login-error-message.png  used on input li
ne 340.
(pdftex.def)             Requested size: 426.79134pt x 105.03802pt.
File: ./images/S04_HTW_Berlin_Logo_pos_FARBIG_RGB.jpg Graphic file (type jpg)
<use ./images/S04_HTW_Berlin_Logo_pos_FARBIG_RGB.jpg>
Package pdftex.def Info: ./images/S04_HTW_Berlin_Logo_pos_FARBIG_RGB.jpg  used 
on input line 344.
(pdftex.def)             Requested size: 47.78816pt x 28.45274pt.


Package fancyhdr Warning: \headheight is too small (18.125pt): 
(fancyhdr)                Make it at least 32.80278pt, for example:
(fancyhdr)                \setlength{\headheight}{32.80278pt}.
(fancyhdr)                You might also make \topmargin smaller to compensate:

(fancyhdr)                \addtolength{\topmargin}{-14.67778pt}.

[15
pdfTeX warning (ext4): destination with the same identifier (name{figure.6}) ha
s been already used, duplicate ignored
<argument> ...shipout:D \box_use:N \l_shipout_box 
                                                  \__shipout_drop_firstpage_...
l.344 
      
pdfTeX warning (ext4): destination with the same identifier (name{figure.7}) ha
s been already used, duplicate ignored
<argument> ...shipout:D \box_use:N \l_shipout_box 
                                                  \__shipout_drop_firstpage_...
l.344 
       <./images/nmap-scan-webserver.png> <./images/suricata-detection-nmap-sca
n.png>]
<./images/sql-login-error-response.png, id=361, 901.86937pt x 318.43968pt>
File: ./images/sql-login-error-response.png Graphic file (type png)
<use ./images/sql-login-error-response.png>
Package pdftex.def Info: ./images/sql-login-error-response.png  used on input l
ine 349.
(pdftex.def)             Requested size: 426.79134pt x 150.69678pt.
<./images/sql-injection-login-attempt.png, id=362, 1746.525pt x 372.64218pt>
File: ./images/sql-injection-login-attempt.png Graphic file (type png)
<use ./images/sql-injection-login-attempt.png>
Package pdftex.def Info: ./images/sql-injection-login-attempt.png  used on inpu
t line 362.
(pdftex.def)             Requested size: 426.79134pt x 91.05647pt.
<./images/sql-injection-login-success.png, id=363, 1907.62688pt x 683.55376pt>
File: ./images/sql-injection-login-success.png Graphic file (type png)
<use ./images/sql-injection-login-success.png>
Package pdftex.def Info: ./images/sql-injection-login-success.png  used on inpu
t line 369.
(pdftex.def)             Requested size: 426.79134pt x 152.92725pt.
File: ./images/S04_HTW_Berlin_Logo_pos_FARBIG_RGB.jpg Graphic file (type jpg)
<use ./images/S04_HTW_Berlin_Logo_pos_FARBIG_RGB.jpg>
Package pdftex.def Info: ./images/S04_HTW_Berlin_Logo_pos_FARBIG_RGB.jpg  used 
on input line 373.
(pdftex.def)             Requested size: 47.78816pt x 28.45274pt.


Package fancyhdr Warning: \headheight is too small (18.125pt): 
(fancyhdr)                Make it at least 32.80278pt, for example:
(fancyhdr)                \setlength{\headheight}{32.80278pt}.
(fancyhdr)                You might also make \topmargin smaller to compensate:

(fancyhdr)                \addtolength{\topmargin}{-14.67778pt}.

[16
pdfTeX warning (ext4): destination with the same identifier (name{figure.8}) ha
s been already used, duplicate ignored
<argument> ...shipout:D \box_use:N \l_shipout_box 
                                                  \__shipout_drop_firstpage_...
l.373 
      
pdfTeX warning (ext4): destination with the same identifier (name{figure.9}) ha
s been already used, duplicate ignored
<argument> ...shipout:D \box_use:N \l_shipout_box 
                                                  \__shipout_drop_firstpage_...
l.373 
      
pdfTeX warning (ext4): destination with the same identifier (name{figure.10}) h
as been already used, duplicate ignored
<argument> ...shipout:D \box_use:N \l_shipout_box 
                                                  \__shipout_drop_firstpage_...
l.373 
       <./images/sql-login-error-message.png> <./images/sql-login-error-respons
e.png> <./images/sql-injection-login-attempt.png>]
<./images/sql-injection-data-extraction.png, id=376, 1927.2pt x 1099.85907pt>
File: ./images/sql-injection-data-extraction.png Graphic file (type png)
<use ./images/sql-injection-data-extraction.png>
Package pdftex.def Info: ./images/sql-injection-data-extraction.png  used on in
put line 382.
(pdftex.def)             Requested size: 398.33858pt x 227.31863pt.
File: ./images/S04_HTW_Berlin_Logo_pos_FARBIG_RGB.jpg Graphic file (type jpg)
<use ./images/S04_HTW_Berlin_Logo_pos_FARBIG_RGB.jpg>
Package pdftex.def Info: ./images/S04_HTW_Berlin_Logo_pos_FARBIG_RGB.jpg  used 
on input line 391.
(pdftex.def)             Requested size: 47.78816pt x 28.45274pt.


Package fancyhdr Warning: \headheight is too small (18.125pt): 
(fancyhdr)                Make it at least 32.80278pt, for example:
(fancyhdr)                \setlength{\headheight}{32.80278pt}.
(fancyhdr)                You might also make \topmargin smaller to compensate:

(fancyhdr)                \addtolength{\topmargin}{-14.67778pt}.

[17
pdfTeX warning (ext4): destination with the same identifier (name{figure.11}) h
as been already used, duplicate ignored
<argument> ...shipout:D \box_use:N \l_shipout_box 
                                                  \__shipout_drop_firstpage_...
l.391 
      
pdfTeX warning (ext4): destination with the same identifier (name{figure.12}) h
as been already used, duplicate ignored
<argument> ...shipout:D \box_use:N \l_shipout_box 
                                                  \__shipout_drop_firstpage_...
l.391 
       <./images/sql-injection-login-success.png> <./images/sql-injection-data-
extraction.png>]
<./images/xss-script-injection-fail.png, id=388, 362.85562pt x 246.9225pt>
File: ./images/xss-script-injection-fail.png Graphic file (type png)
<use ./images/xss-script-injection-fail.png>
Package pdftex.def Info: ./images/xss-script-injection-fail.png  used on input 
line 399.
(pdftex.def)             Requested size: 227.62204pt x 154.89886pt.
<./images/xss-script-injection-html.png, id=389, 461.47406pt x 254.45062pt>
File: ./images/xss-script-injection-html.png Graphic file (type png)
<use ./images/xss-script-injection-html.png>
Package pdftex.def Info: ./images/xss-script-injection-html.png  used on input 
line 410.
(pdftex.def)             Requested size: 341.43306pt x 188.25945pt.
File: ./images/S04_HTW_Berlin_Logo_pos_FARBIG_RGB.jpg Graphic file (type jpg)
<use ./images/S04_HTW_Berlin_Logo_pos_FARBIG_RGB.jpg>
Package pdftex.def Info: ./images/S04_HTW_Berlin_Logo_pos_FARBIG_RGB.jpg  used 
on input line 416.
(pdftex.def)             Requested size: 47.78816pt x 28.45274pt.


Package fancyhdr Warning: \headheight is too small (18.125pt): 
(fancyhdr)                Make it at least 32.80278pt, for example:
(fancyhdr)                \setlength{\headheight}{32.80278pt}.
(fancyhdr)                You might also make \topmargin smaller to compensate:

(fancyhdr)                \addtolength{\topmargin}{-14.67778pt}.

[18
pdfTeX warning (ext4): destination with the same identifier (name{figure.13}) h
as been already used, duplicate ignored
<argument> ...shipout:D \box_use:N \l_shipout_box 
                                                  \__shipout_drop_firstpage_...
l.416 \begin{lstlisting}[breaklines]
                                    
pdfTeX warning (ext4): destination with the same identifier (name{figure.14}) h
as been already used, duplicate ignored
<argument> ...shipout:D \box_use:N \l_shipout_box 
                                                  \__shipout_drop_firstpage_...
l.416 \begin{lstlisting}[breaklines]
                                     <./images/xss-script-injection-fail.png> <
./images/xss-script-injection-html.png>]
<./images/xss-img-tag-injection-success.png, id=400, 1927.2pt x 1057.70157pt>
File: ./images/xss-img-tag-injection-success.png Graphic file (type png)
<use ./images/xss-img-tag-injection-success.png>
Package pdftex.def Info: ./images/xss-img-tag-injection-success.png  used on in
put line 422.
(pdftex.def)             Requested size: 398.33858pt x 218.60553pt.
<./images/xss-img-tag-injection-success-2.png, id=401, 1213.53375pt x 601.24625
pt>
File: ./images/xss-img-tag-injection-success-2.png Graphic file (type png)
<use ./images/xss-img-tag-injection-success-2.png>
Package pdftex.def Info: ./images/xss-img-tag-injection-success-2.png  used on 
input line 428.
(pdftex.def)             Requested size: 398.33858pt x 197.35683pt.
File: ./images/S04_HTW_Berlin_Logo_pos_FARBIG_RGB.jpg Graphic file (type jpg)
<use ./images/S04_HTW_Berlin_Logo_pos_FARBIG_RGB.jpg>
Package pdftex.def Info: ./images/S04_HTW_Berlin_Logo_pos_FARBIG_RGB.jpg  used 
on input line 438.
(pdftex.def)             Requested size: 47.78816pt x 28.45274pt.


Package fancyhdr Warning: \headheight is too small (18.125pt): 
(fancyhdr)                Make it at least 32.80278pt, for example:
(fancyhdr)                \setlength{\headheight}{32.80278pt}.
(fancyhdr)                You might also make \topmargin smaller to compensate:

(fancyhdr)                \addtolength{\topmargin}{-14.67778pt}.

[19
pdfTeX warning (ext4): destination with the same identifier (name{figure.15}) h
as been already used, duplicate ignored
<argument> ...shipout:D \box_use:N \l_shipout_box 
                                                  \__shipout_drop_firstpage_...
l.438 \begin{lstlisting}[breaklines]
                                    
pdfTeX warning (ext4): destination with the same identifier (name{figure.16}) h
as been already used, duplicate ignored
<argument> ...shipout:D \box_use:N \l_shipout_box 
                                                  \__shipout_drop_firstpage_...
l.438 \begin{lstlisting}[breaklines]
                                     <./images/xss-img-tag-injection-success.pn
g> <./images/xss-img-tag-injection-success-2.png>]
<./images/xss-keylogger-network-traffic.png, id=412, 1927.2pt x 1057.70157pt>
File: ./images/xss-keylogger-network-traffic.png Graphic file (type png)
<use ./images/xss-keylogger-network-traffic.png>
Package pdftex.def Info: ./images/xss-keylogger-network-traffic.png  used on in
put line 448.
(pdftex.def)             Requested size: 426.79134pt x 234.22829pt.
<./images/xss-keylogger-network-traffic-2.png, id=413, 1091.07625pt x 276.03125
pt>
File: ./images/xss-keylogger-network-traffic-2.png Graphic file (type png)
<use ./images/xss-keylogger-network-traffic-2.png>
Package pdftex.def Info: ./images/xss-keylogger-network-traffic-2.png  used on 
input line 455.
(pdftex.def)             Requested size: 483.69684pt x 122.36809pt.

Overfull \hbox (35.56589pt too wide) in paragraph at lines 455--456
 [][] 
 []

File: ./images/S04_HTW_Berlin_Logo_pos_FARBIG_RGB.jpg Graphic file (type jpg)
<use ./images/S04_HTW_Berlin_Logo_pos_FARBIG_RGB.jpg>
Package pdftex.def Info: ./images/S04_HTW_Berlin_Logo_pos_FARBIG_RGB.jpg  used 
on input line 464.
(pdftex.def)             Requested size: 47.78816pt x 28.45274pt.

Package fancyhdr Warning: \headheight is too small (18.125pt): 
(fancyhdr)                Make it at least 32.80278pt, for example:
(fancyhdr)                \setlength{\headheight}{32.80278pt}.
(fancyhdr)                You might also make \topmargin smaller to compensate:

(fancyhdr)                \addtolength{\topmargin}{-14.67778pt}.

[20
pdfTeX warning (ext4): destination with the same identifier (name{figure.17}) h
as been already used, duplicate ignored
<argument> ...shipout:D \box_use:N \l_shipout_box 
                                                  \__shipout_drop_firstpage_...
l.464     <d
            iv style='position: fixed; top: 0; left: 0; width: 100%; height:...

pdfTeX warning (ext4): destination with the same identifier (name{figure.18}) h
as been already used, duplicate ignored
<argument> ...shipout:D \box_use:N \l_shipout_box 
                                                  \__shipout_drop_firstpage_...
l.464     <d
            iv style='position: fixed; top: 0; left: 0; width: 100%; height:...
 <./images/xss-keylogger-network-traffic.png> <./images/xss-keylogger-network-t
raffic-2.png>]
<./images/xss-phishing-page-injection.png, id=424, 1927.2pt x 1099.85907pt>
File: ./images/xss-phishing-page-injection.png Graphic file (type png)
<use ./images/xss-phishing-page-injection.png>
Package pdftex.def Info: ./images/xss-phishing-page-injection.png  used on inpu
t line 485.
(pdftex.def)             Requested size: 483.69684pt x 276.03816pt.

Overfull \hbox (35.56589pt too wide) in paragraph at lines 485--486
 [][] 
 []

File: ./images/S04_HTW_Berlin_Logo_pos_FARBIG_RGB.jpg Graphic file (type jpg)
<use ./images/S04_HTW_Berlin_Logo_pos_FARBIG_RGB.jpg>
Package pdftex.def Info: ./images/S04_HTW_Berlin_Logo_pos_FARBIG_RGB.jpg  used 
on input line 489.
(pdftex.def)             Requested size: 47.78816pt x 28.45274pt.

Package fancyhdr Warning: \headheight is too small (18.125pt): 
(fancyhdr)                Make it at least 32.80278pt, for example:
(fancyhdr)                \setlength{\headheight}{32.80278pt}.
(fancyhdr)                You might also make \topmargin smaller to compensate:

(fancyhdr)                \addtolength{\topmargin}{-14.67778pt}.

[21]
Underfull \hbox (badness 10000) in paragraph at lines 495--500

 []


Underfull \hbox (badness 10000) in paragraph at lines 495--500

 []

File: ./images/S04_HTW_Berlin_Logo_pos_FARBIG_RGB.jpg Graphic file (type jpg)
<use ./images/S04_HTW_Berlin_Logo_pos_FARBIG_RGB.jpg>
Package pdftex.def Info: ./images/S04_HTW_Berlin_Logo_pos_FARBIG_RGB.jpg  used 
on input line 501.
(pdftex.def)             Requested size: 47.78816pt x 28.45274pt.

Package fancyhdr Warning: \headheight is too small (18.125pt): 
(fancyhdr)                Make it at least 32.80278pt, for example:
(fancyhdr)                \setlength{\headheight}{32.80278pt}.
(fancyhdr)                You might also make \topmargin smaller to compensate:

(fancyhdr)                \addtolength{\topmargin}{-14.67778pt}.

[22
pdfTeX warning (ext4): destination with the same identifier (name{figure.19}) h
as been already used, duplicate ignored
<argument> ...shipout:D \box_use:N \l_shipout_box 
                                                  \__shipout_drop_firstpage_...
l.501 	\item \lstinline
                       [breaklines]|-M arp|: Fhre einen Man-in-the-Middle ...
 <./images/xss-phishing-page-injection.png>]
<./images/arp-firewall.png, id=457, 458.71375pt x 85.31876pt>
File: ./images/arp-firewall.png Graphic file (type png)
<use ./images/arp-firewall.png>
Package pdftex.def Info: ./images/arp-firewall.png  used on input line 508.
(pdftex.def)             Requested size: 284.52756pt x 52.9231pt.
<./images/arp-webserver.png, id=458, 445.665pt x 71.26625pt>
File: ./images/arp-webserver.png Graphic file (type png)
<use ./images/arp-webserver.png>
Package pdftex.def Info: ./images/arp-webserver.png  used on input line 514.
(pdftex.def)             Requested size: 284.52756pt x 45.4993pt.
<./images/arp-mac-kali.png, id=459, 632.3625pt x 130.4875pt>
File: ./images/arp-mac-kali.png Graphic file (type png)
<use ./images/arp-mac-kali.png>
Package pdftex.def Info: ./images/arp-mac-kali.png  used on input line 520.
(pdftex.def)             Requested size: 284.52756pt x 58.71284pt.
<./images/arp-shark-packete.png, id=460, 989.19562pt x 157.33781pt>
File: ./images/arp-shark-packete.png Graphic file (type png)
<use ./images/arp-shark-packete.png>
Package pdftex.def Info: ./images/arp-shark-packete.png  used on input line 530
.
(pdftex.def)             Requested size: 284.52756pt x 45.25467pt.
<./images/arp-shark-packet-5.png, id=461, 606.76688pt x 399.74344pt>
File: ./images/arp-shark-packet-5.png Graphic file (type png)
<use ./images/arp-shark-packet-5.png>
Package pdftex.def Info: ./images/arp-shark-packet-5.png  used on input line 53
7.
(pdftex.def)             Requested size: 284.52756pt x 187.45245pt.

Underfull \hbox (badness 10000) in paragraph at lines 505--541

 []


Underfull \hbox (badness 10000) in paragraph at lines 505--541

 []


Underfull \hbox (badness 10000) in paragraph at lines 505--541

 []


Underfull \hbox (badness 10000) in paragraph at lines 505--541

 []


Underfull \hbox (badness 10000) in paragraph at lines 543--545

 []

File: ./images/S04_HTW_Berlin_Logo_pos_FARBIG_RGB.jpg Graphic file (type jpg)
<use ./images/S04_HTW_Berlin_Logo_pos_FARBIG_RGB.jpg>
Package pdftex.def Info: ./images/S04_HTW_Berlin_Logo_pos_FARBIG_RGB.jpg  used 
on input line 545.
(pdftex.def)             Requested size: 47.78816pt x 28.45274pt.

Package fancyhdr Warning: \headheight is too small (18.125pt): 
(fancyhdr)                Make it at least 32.80278pt, for example:
(fancyhdr)                \setlength{\headheight}{32.80278pt}.
(fancyhdr)                You might also make \topmargin smaller to compensate:

(fancyhdr)                \addtolength{\topmargin}{-14.67778pt}.

[23
pdfTeX warning (ext4): destination with the same identifier (name{figure.20}) h
as been already used, duplicate ignored
<argument> ...shipout:D \box_use:N \l_shipout_box 
                                                  \__shipout_drop_firstpage_...
l.545 
      
pdfTeX warning (ext4): destination with the same identifier (name{figure.21}) h
as been already used, duplicate ignored
<argument> ...shipout:D \box_use:N \l_shipout_box 
                                                  \__shipout_drop_firstpage_...
l.545 
      
pdfTeX warning (ext4): destination with the same identifier (name{figure.22}) h
as been already used, duplicate ignored
<argument> ...shipout:D \box_use:N \l_shipout_box 
                                                  \__shipout_drop_firstpage_...
l.545 
       <./images/arp-firewall.png (PNG copy)> <./images/arp-webserver.png (PNG 
copy)> <./images/arp-mac-kali.png (PNG copy)>]
File: ./images/S04_HTW_Berlin_Logo_pos_FARBIG_RGB.jpg Graphic file (type jpg)
<use ./images/S04_HTW_Berlin_Logo_pos_FARBIG_RGB.jpg>
Package pdftex.def Info: ./images/S04_HTW_Berlin_Logo_pos_FARBIG_RGB.jpg  used 
on input line 546.
(pdftex.def)             Requested size: 47.78816pt x 28.45274pt.


Package fancyhdr Warning: \headheight is too small (18.125pt): 
(fancyhdr)                Make it at least 32.80278pt, for example:
(fancyhdr)                \setlength{\headheight}{32.80278pt}.
(fancyhdr)                You might also make \topmargin smaller to compensate:

(fancyhdr)                \addtolength{\topmargin}{-14.67778pt}.

[24
pdfTeX warning (ext4): destination with the same identifier (name{figure.23}) h
as been already used, duplicate ignored
<argument> ...shipout:D \box_use:N \l_shipout_box 
                                                  \__shipout_drop_firstpage_...
l.546 \newpage
              
pdfTeX warning (ext4): destination with the same identifier (name{figure.24}) h
as been already used, duplicate ignored
<argument> ...shipout:D \box_use:N \l_shipout_box 
                                                  \__shipout_drop_firstpage_...
l.546 \newpage
               <./images/arp-shark-packete.png (PNG copy)> <./images/arp-shark-
packet-5.png (PNG copy)>]
File: ./images/S04_HTW_Berlin_Logo_pos_FARBIG_RGB.jpg Graphic file (type jpg)
<use ./images/S04_HTW_Berlin_Logo_pos_FARBIG_RGB.jpg>
Package pdftex.def Info: ./images/S04_HTW_Berlin_Logo_pos_FARBIG_RGB.jpg  used 
on input line 587.
(pdftex.def)             Requested size: 47.78816pt x 28.45274pt.


Package fancyhdr Warning: \headheight is too small (18.125pt): 
(fancyhdr)                Make it at least 32.80278pt, for example:
(fancyhdr)                \setlength{\headheight}{32.80278pt}.
(fancyhdr)                You might also make \topmargin smaller to compensate:

(fancyhdr)                \addtolength{\topmargin}{-14.67778pt}.

[25{/usr/share/texmf-dist/fonts/enc/dvips/cm-super/cm-super-ts1.enc}]
(./main.bbl
Underfull \hbox (badness 10000) in paragraph at lines 4--8
[]\T1/cmr/m/n/12 (+20) AshaIyengar, ``Net-work ports for cli-ents and mail flow
 in
 []


Underfull \hbox (badness 10000) in paragraph at lines 4--8
\T1/cmr/m/n/12 (+20) Ex-change.'' []$\T1/cmtt/m/n/12 https : / / learn . micros
oft . com / en-[]us / exchange /
 []


Underfull \hbox (badness 10000) in paragraph at lines 4--8
\T1/cmtt/m/n/12 plan-[]and-[]deploy / deployment-[]ref / network-[]ports ? view
 = exchserver-[]2019 #
 []


Underfull \hbox (badness 10000) in paragraph at lines 10--14
\T1/cmtt/m/n/12 global / support / knowledge-[]base / teamviewer-[]classic / tr
oubleshooting /
 []


Overfull \hbox (0.51732pt too wide) in paragraph at lines 32--35
[]\T1/cmr/m/n/12 (-20) ``2. Quickstart guide ^^V Suricata 8.0.0-dev documentati
on.'' []$\T1/cmtt/m/n/12 https : / / docs . suricata .
 []


Underfull \hbox (badness 10000) in paragraph at lines 37--41
[]$\T1/cmtt/m/n/12 https : / / docs . suricata . io / en / latest / rule-[]mana
gement / suricata-[]update .
 []


Underfull \hbox (badness 2707) in paragraph at lines 48--53
[]\T1/cmr/m/n/12 (+20) B. Lenaerts-Bergmans, ``Ad-dress re-so-lu-ti-on pro-to-c
ol (arp) spoofing: What
 []


Underfull \hbox (badness 1552) in paragraph at lines 48--53
\T1/cmr/m/n/12 (+20) it is and how to pre-vent an arp at-tack.'' []$\T1/cmtt/m/
n/12 https : / / www . crowdstrike . com /
 []

)
File: ./images/S04_HTW_Berlin_Logo_pos_FARBIG_RGB.jpg Graphic file (type jpg)
<use ./images/S04_HTW_Berlin_Logo_pos_FARBIG_RGB.jpg>
Package pdftex.def Info: ./images/S04_HTW_Berlin_Logo_pos_FARBIG_RGB.jpg  used 
on input line 590.
(pdftex.def)             Requested size: 47.78816pt x 28.45274pt.


Package fancyhdr Warning: \headheight is too small (18.125pt): 
(fancyhdr)                Make it at least 32.80278pt, for example:
(fancyhdr)                \setlength{\headheight}{32.80278pt}.
(fancyhdr)                You might also make \topmargin smaller to compensate:

(fancyhdr)                \addtolength{\topmargin}{-14.67778pt}.

[26] (./main.aux)
 ***********
LaTeX2e <2023-11-01> patch level 1
L3 programming layer <2024-02-20>
 ***********
Package rerunfilecheck Info: File `main.out' has not changed.
(rerunfilecheck)             Checksum: D41D8CD98F00B204E9800998ECF8427E;0.
 ) 
Here is how much of TeX's memory you used:
 17511 strings out of 476023
 307764 string characters out of 5791582
 2294187 words of memory out of 5000000
 39029 multiletter control sequences out of 15000+600000
 570247 words of font info for 105 fonts, out of 8000000 for 9000
 14 hyphenation exceptions out of 8191
 108i,16n,107p,10920b,1981s stack positions out of 10000i,1000n,20000p,200000b,200000s
</usr/share/texmf-dist/fonts/type1/public/cm-super/sfbx1200.pfb></usr/share/t
exmf-dist/fonts/type1/public/cm-super/sfrm1200.pfb></usr/share/texmf-dist/fonts
/type1/public/cm-super/sfsx1200.pfb></usr/share/texmf-dist/fonts/type1/public/c
m-super/sfsx1440.pfb></usr/share/texmf-dist/fonts/type1/public/cm-super/sfsx172
8.pfb></usr/share/texmf-dist/fonts/type1/public/cm-super/sftt1000.pfb></usr/sha
re/texmf-dist/fonts/type1/public/cm-super/sftt1200.pfb>
Output written on main.pdf (28 pages, 1930630 bytes).
PDF statistics:
 716 PDF objects out of 1000 (max. 8388607)
 624 compressed objects within 7 object streams
 308 named destinations out of 1000 (max. 500000)
 23910 words of extra memory for PDF output out of 24883 (max. 10000000)

